{"name":"Log","hostname":"Sarahs-MBP","pid":7573,"level":30,"msg":"Creating table: posts","time":"2020-07-26T19:37:39.221Z","v":0}
{"name":"Log","hostname":"Sarahs-MBP","pid":7573,"level":30,"msg":"Creating table: posts_meta","time":"2020-07-26T19:37:39.226Z","v":0}
{"name":"Log","hostname":"Sarahs-MBP","pid":7573,"level":30,"msg":"Creating table: users","time":"2020-07-26T19:37:39.231Z","v":0}
{"name":"Log","hostname":"Sarahs-MBP","pid":7573,"level":30,"msg":"Creating table: posts_authors","time":"2020-07-26T19:37:39.235Z","v":0}
{"name":"Log","hostname":"Sarahs-MBP","pid":7573,"level":30,"msg":"Creating table: roles","time":"2020-07-26T19:37:39.238Z","v":0}
{"name":"Log","hostname":"Sarahs-MBP","pid":7573,"level":30,"msg":"Creating table: roles_users","time":"2020-07-26T19:37:39.241Z","v":0}
{"name":"Log","hostname":"Sarahs-MBP","pid":7573,"level":30,"msg":"Creating table: permissions","time":"2020-07-26T19:37:39.243Z","v":0}
{"name":"Log","hostname":"Sarahs-MBP","pid":7573,"level":30,"msg":"Creating table: permissions_users","time":"2020-07-26T19:37:39.246Z","v":0}
{"name":"Log","hostname":"Sarahs-MBP","pid":7573,"level":30,"msg":"Creating table: permissions_roles","time":"2020-07-26T19:37:39.248Z","v":0}
{"name":"Log","hostname":"Sarahs-MBP","pid":7573,"level":30,"msg":"Creating table: permissions_apps","time":"2020-07-26T19:37:39.250Z","v":0}
{"name":"Log","hostname":"Sarahs-MBP","pid":7573,"level":30,"msg":"Creating table: settings","time":"2020-07-26T19:37:39.252Z","v":0}
{"name":"Log","hostname":"Sarahs-MBP","pid":7573,"level":30,"msg":"Creating table: tags","time":"2020-07-26T19:37:39.255Z","v":0}
{"name":"Log","hostname":"Sarahs-MBP","pid":7573,"level":30,"msg":"Creating table: posts_tags","time":"2020-07-26T19:37:39.259Z","v":0}
{"name":"Log","hostname":"Sarahs-MBP","pid":7573,"level":30,"msg":"Creating table: apps","time":"2020-07-26T19:37:39.261Z","v":0}
{"name":"Log","hostname":"Sarahs-MBP","pid":7573,"level":30,"msg":"Creating table: app_settings","time":"2020-07-26T19:37:39.265Z","v":0}
{"name":"Log","hostname":"Sarahs-MBP","pid":7573,"level":30,"msg":"Creating table: app_fields","time":"2020-07-26T19:37:39.269Z","v":0}
{"name":"Log","hostname":"Sarahs-MBP","pid":7573,"level":30,"msg":"Creating table: invites","time":"2020-07-26T19:37:39.271Z","v":0}
{"name":"Log","hostname":"Sarahs-MBP","pid":7573,"level":30,"msg":"Creating table: brute","time":"2020-07-26T19:37:39.275Z","v":0}
{"name":"Log","hostname":"Sarahs-MBP","pid":7573,"level":30,"msg":"Creating table: webhooks","time":"2020-07-26T19:37:39.278Z","v":0}
{"name":"Log","hostname":"Sarahs-MBP","pid":7573,"level":30,"msg":"Creating table: sessions","time":"2020-07-26T19:37:39.281Z","v":0}
{"name":"Log","hostname":"Sarahs-MBP","pid":7573,"level":30,"msg":"Creating table: integrations","time":"2020-07-26T19:37:39.284Z","v":0}
{"name":"Log","hostname":"Sarahs-MBP","pid":7573,"level":30,"msg":"Creating table: api_keys","time":"2020-07-26T19:37:39.287Z","v":0}
{"name":"Log","hostname":"Sarahs-MBP","pid":7573,"level":30,"msg":"Creating table: mobiledoc_revisions","time":"2020-07-26T19:37:39.291Z","v":0}
{"name":"Log","hostname":"Sarahs-MBP","pid":7573,"level":30,"msg":"Creating table: members","time":"2020-07-26T19:37:39.295Z","v":0}
{"name":"Log","hostname":"Sarahs-MBP","pid":7573,"level":30,"msg":"Creating table: labels","time":"2020-07-26T19:37:39.300Z","v":0}
{"name":"Log","hostname":"Sarahs-MBP","pid":7573,"level":30,"msg":"Creating table: members_labels","time":"2020-07-26T19:37:39.305Z","v":0}
{"name":"Log","hostname":"Sarahs-MBP","pid":7573,"level":30,"msg":"Creating table: members_stripe_customers","time":"2020-07-26T19:37:39.307Z","v":0}
{"name":"Log","hostname":"Sarahs-MBP","pid":7573,"level":30,"msg":"Creating table: members_stripe_customers_subscriptions","time":"2020-07-26T19:37:39.309Z","v":0}
{"name":"Log","hostname":"Sarahs-MBP","pid":7573,"level":30,"msg":"Creating table: actions","time":"2020-07-26T19:37:39.311Z","v":0}
{"name":"Log","hostname":"Sarahs-MBP","pid":7573,"level":30,"msg":"Creating table: emails","time":"2020-07-26T19:37:39.313Z","v":0}
{"name":"Log","hostname":"Sarahs-MBP","pid":7573,"level":30,"msg":"Model: Tag","time":"2020-07-26T19:37:39.323Z","v":0}
{"name":"Log","hostname":"Sarahs-MBP","pid":7573,"level":30,"msg":"Model: Role","time":"2020-07-26T19:37:39.344Z","v":0}
{"name":"Log","hostname":"Sarahs-MBP","pid":7573,"level":30,"msg":"Model: Permission","time":"2020-07-26T19:37:39.361Z","v":0}
{"name":"Log","hostname":"Sarahs-MBP","pid":7573,"level":30,"msg":"Model: User","time":"2020-07-26T19:37:39.533Z","v":0}
{"name":"Log","hostname":"Sarahs-MBP","pid":7573,"level":30,"msg":"Model: Post","time":"2020-07-26T19:37:39.971Z","v":0}
{"name":"Log","hostname":"Sarahs-MBP","pid":7573,"level":30,"msg":"Model: Integration","time":"2020-07-26T19:37:40.115Z","v":0}
{"name":"Log","hostname":"Sarahs-MBP","pid":7573,"level":30,"msg":"Relation: Role to Permission","time":"2020-07-26T19:37:40.137Z","v":0}
{"name":"Log","hostname":"Sarahs-MBP","pid":7573,"level":30,"msg":"Relation: Post to Tag","time":"2020-07-26T19:37:40.376Z","v":0}
{"name":"Log","hostname":"Sarahs-MBP","pid":7573,"level":30,"msg":"Relation: User to Role","time":"2020-07-26T19:37:40.410Z","v":0}
{"name":"Log","hostname":"Sarahs-MBP","pid":7573,"level":30,"msg":"Ghost is running in production...","time":"2020-07-26T19:37:42.853Z","v":0}
{"name":"Log","hostname":"Sarahs-MBP","pid":7573,"level":30,"msg":"Your site is now available on http://shequalifies.now.sh/","time":"2020-07-26T19:37:42.854Z","v":0}
{"name":"Log","hostname":"Sarahs-MBP","pid":7573,"level":30,"msg":"Ctrl+C to shut down","time":"2020-07-26T19:37:42.854Z","v":0}
{"name":"Log","hostname":"Sarahs-MBP","pid":7573,"level":30,"msg":"Ghost boot 6.144s","time":"2020-07-26T19:37:42.856Z","v":0}
